<?xml version="1.0" encoding="UTF-8"?>
<testng-results ignored="0" total="1" passed="1" failed="0" skipped="0">
  <reporter-output>
  </reporter-output>
  <suite started-at="2023-03-29T12:08:07Z" name="Suite" finished-at="2023-03-29T12:08:18Z" duration-ms="11164">
    <groups>
    </groups>
    <test started-at="2023-03-29T12:08:07Z" name="Test" finished-at="2023-03-29T12:08:18Z" duration-ms="11164">
      <class name="maven_Int_With_Jenkins.NewTest">
        <test-method signature="f()[pri:0, instance:maven_Int_With_Jenkins.NewTest@15ca7889]" started-at="2023-03-29T12:08:07Z" name="f" finished-at="2023-03-29T12:08:18Z" duration-ms="11133" status="PASS">
          <reporter-output>
          </reporter-output>
        </test-method> <!-- f -->
      </class> <!-- maven_Int_With_Jenkins.NewTest -->
    </test> <!-- Test -->
  </suite> <!-- Suite -->
</testng-results>
